[debug] [2022-02-24T21:07:32.707Z] ----------------------------------------------------------------------
[debug] [2022-02-24T21:07:32.709Z] Command:       /usr/local/bin/node /usr/local/bin/firebase emulators:start --only functions
[debug] [2022-02-24T21:07:32.710Z] CLI Version:   10.2.1
[debug] [2022-02-24T21:07:32.710Z] Platform:      darwin
[debug] [2022-02-24T21:07:32.710Z] Node Version:  v16.14.0
[debug] [2022-02-24T21:07:32.712Z] Time:          Thu Feb 24 2022 18:07:32 GMT-0300 (hora estándar de Argentina)
[debug] [2022-02-24T21:07:32.712Z] ----------------------------------------------------------------------
[debug] 
[debug] [2022-02-24T21:07:32.778Z] > command requires scopes: ["email","openid","https://www.googleapis.com/auth/cloudplatformprojects.readonly","https://www.googleapis.com/auth/firebase","https://www.googleapis.com/auth/cloud-platform"]
[debug] [2022-02-24T21:07:32.778Z] > authorizing via signed-in user (ariel.vazquez@globaconsulting.com)
[info] i  emulators: Starting emulators: functions {"metadata":{"emulator":{"name":"hub"},"message":"Starting emulators: functions"}}
[debug] [2022-02-24T21:07:32.814Z] [hub] writing locator at /var/folders/0g/8sxnk6dx74q6h9kg700qg9z80000gp/T/hub-mealstogo-f96cc.json
[warn] ⚠  functions: The following emulators are not running, calls to these services from the Functions emulator will affect production: auth, firestore, database, hosting, pubsub, storage {"metadata":{"emulator":{"name":"functions"},"message":"The following emulators are not running, calls to these services from the Functions emulator will affect production: \u001b[1mauth, firestore, database, hosting, pubsub, storage\u001b[22m"}}
[info] ✔  functions: Using node@16 from host. {"metadata":{"emulator":{"name":"functions"},"message":"Using node@16 from host."}}
[debug] [2022-02-24T21:07:32.835Z] defaultcredentials: writing to file /Users/arielvazquez/.config/firebase/ariel_vazquez_globaconsulting.com_application_default_credentials.json
[debug] [2022-02-24T21:07:32.839Z] Setting GAC to /Users/arielvazquez/.config/firebase/ariel_vazquez_globaconsulting.com_application_default_credentials.json {"metadata":{"emulator":{"name":"functions"},"message":"Setting GAC to /Users/arielvazquez/.config/firebase/ariel_vazquez_globaconsulting.com_application_default_credentials.json"}}
[debug] [2022-02-24T21:07:32.844Z] >>> [apiv2][query] GET https://firebase.googleapis.com/v1beta1/projects/mealstogo-f96cc/adminSdkConfig [none]
[debug] [2022-02-24T21:07:33.164Z] <<< [apiv2][status] GET https://firebase.googleapis.com/v1beta1/projects/mealstogo-f96cc/adminSdkConfig 200
[debug] [2022-02-24T21:07:33.165Z] <<< [apiv2][body] GET https://firebase.googleapis.com/v1beta1/projects/mealstogo-f96cc/adminSdkConfig {"projectId":"mealstogo-f96cc","storageBucket":"mealstogo-f96cc.appspot.com"}
[debug] [2022-02-24T21:07:33.447Z] Ignoring unsupported arg: auto_download {"metadata":{"emulator":{"name":"ui"},"message":"Ignoring unsupported arg: auto_download"}}
[debug] [2022-02-24T21:07:33.448Z] Ignoring unsupported arg: port {"metadata":{"emulator":{"name":"ui"},"message":"Ignoring unsupported arg: port"}}
[debug] [2022-02-24T21:07:33.448Z] Starting Emulator UI with command {"binary":"node","args":["/Users/arielvazquez/.cache/firebase/emulators/ui-v1.6.5/server.bundle.js"],"optionalArgs":[],"joinArgs":false} {"metadata":{"emulator":{"name":"ui"},"message":"Starting Emulator UI with command {\"binary\":\"node\",\"args\":[\"/Users/arielvazquez/.cache/firebase/emulators/ui-v1.6.5/server.bundle.js\"],\"optionalArgs\":[],\"joinArgs\":false}"}}
[info] i  ui: Emulator UI logging to ui-debug.log {"metadata":{"emulator":{"name":"ui"},"message":"Emulator UI logging to \u001b[1mui-debug.log\u001b[22m"}}
[debug] [2022-02-24T21:07:33.578Z] Web / API server started at localhost:4000
 {"metadata":{"emulator":{"name":"ui"},"message":"Web / API server started at localhost:4000\n"}}
[info] i  functions: Watching "/Users/arielvazquez/Desktop/projects/MealsToGo/functions" for Cloud Functions... {"metadata":{"emulator":{"name":"functions"},"message":"Watching \"/Users/arielvazquez/Desktop/projects/MealsToGo/functions\" for Cloud Functions..."}}
[debug] [2022-02-24T21:07:33.724Z] Validating nodejs source
[debug] [2022-02-24T21:07:35.315Z] > [functions] package.json contents: {
  "name": "functions",
  "description": "Cloud Functions for Firebase",
  "scripts": {
    "serve": "firebase emulators:start --only functions",
    "shell": "firebase functions:shell",
    "start": "npm run shell",
    "deploy": "firebase deploy --only functions",
    "logs": "firebase functions:log"
  },
  "engines": {
    "node": "16"
  },
  "main": "index.js",
  "dependencies": {
    "firebase-admin": "^9.8.0",
    "firebase-functions": "^3.14.1"
  },
  "devDependencies": {
    "firebase-functions-test": "^0.2.0"
  },
  "private": true
}
[debug] [2022-02-24T21:07:35.316Z] Building nodejs source
[debug] [2022-02-24T21:07:35.316Z] Analyzing nodejs backend spec
[info] ✔  functions[us-central1-geocode]: http function initialized (http://localhost:5001/mealstogo-f96cc/us-central1/geocode). {"metadata":{"emulator":{"name":"functions"},"message":"\u001b[1mhttp\u001b[22m function initialized (http://localhost:5001/mealstogo-f96cc/us-central1/geocode)."}}
[info] ✔  functions[us-central1-placesNearby]: http function initialized (http://localhost:5001/mealstogo-f96cc/us-central1/placesNearby). {"metadata":{"emulator":{"name":"functions"},"message":"\u001b[1mhttp\u001b[22m function initialized (http://localhost:5001/mealstogo-f96cc/us-central1/placesNearby)."}}
[info] 
┌─────────────────────────────────────────────────────────────┐
│ ✔  All emulators ready! It is now safe to connect your app. │
│ i  View Emulator UI at http://localhost:4000                │
└─────────────────────────────────────────────────────────────┘

┌───────────┬────────────────┬─────────────────────────────────┐
│ Emulator  │ Host:Port      │ View in Emulator UI             │
├───────────┼────────────────┼─────────────────────────────────┤
│ Functions │ localhost:5001 │ http://localhost:4000/functions │
└───────────┴────────────────┴─────────────────────────────────┘
  Emulator Hub running at localhost:4400
  Other reserved ports: 4500

Issues? Report them at https://github.com/firebase/firebase-tools/issues and attach the *-debug.log files.
 
[debug] [2022-02-24T21:09:52.140Z] [work-queue] {"queueLength":1,"workRunningCount":0}
[debug] [2022-02-24T21:09:52.140Z] [work-queue] {"queueLength":0,"workRunningCount":1}
[debug] [2022-02-24T21:09:52.141Z] Accepted request GET /mealstogo-f96cc/us-central1/geocode?city=Antwerp --> us-central1-geocode
[debug] [2022-02-24T21:09:52.151Z] [worker-pool] addWorker(us-central1-geocode) {"metadata":{"emulator":{"name":"functions"},"message":"[worker-pool] addWorker(us-central1-geocode)"}}
[debug] [2022-02-24T21:09:52.152Z] [worker-pool] Adding worker with key us-central1-geocode, total=1 {"metadata":{"emulator":{"name":"functions"},"message":"[worker-pool] Adding worker with key us-central1-geocode, total=1"}}
[debug] [2022-02-24T21:09:52.152Z] [worker-pool] submitWork(triggerId=us-central1-geocode) {"metadata":{"emulator":{"name":"functions"},"message":"[worker-pool] submitWork(triggerId=us-central1-geocode)"}}
[debug] [2022-02-24T21:09:52.153Z] [worker-us-central1-geocode-b0dffa4c-dab4-4835-801f-e3f3768a810a]: Assigning socketPath: /var/folders/0g/8sxnk6dx74q6h9kg700qg9z80000gp/T/fire_emu_98407.sock {"metadata":{"emulator":{"name":"functions"},"message":"[worker-us-central1-geocode-b0dffa4c-dab4-4835-801f-e3f3768a810a]: Assigning socketPath: /var/folders/0g/8sxnk6dx74q6h9kg700qg9z80000gp/T/fire_emu_98407.sock"}}
[debug] [2022-02-24T21:09:52.153Z] [worker-us-central1-geocode-b0dffa4c-dab4-4835-801f-e3f3768a810a]: BUSY {"metadata":{"emulator":{"name":"functions"},"message":"[worker-us-central1-geocode-b0dffa4c-dab4-4835-801f-e3f3768a810a]: BUSY"}}
[debug] [2022-02-24T21:09:53.533Z] [runtime-status] [98407] Functions runtime initialized. {"cwd":"/Users/arielvazquez/Desktop/projects/MealsToGo/functions","node_version":"16.14.0"} {"metadata":{"emulator":{"name":"functions"},"function":{"name":"us-central1-geocode"},"message":"[runtime-status] [98407] Functions runtime initialized. {\"cwd\":\"/Users/arielvazquez/Desktop/projects/MealsToGo/functions\",\"node_version\":\"16.14.0\"}"}}
[debug] [2022-02-24T21:09:53.534Z] [runtime-status] [98407] Disabled runtime features: undefined {"metadata":{"emulator":{"name":"functions"},"function":{"name":"us-central1-geocode"},"message":"[runtime-status] [98407] Disabled runtime features: undefined"}}
[debug] [2022-02-24T21:09:53.537Z] [runtime-status] [98407] Resolved module firebase-admin {"declared":true,"installed":true,"version":"9.12.0","resolution":"/Users/arielvazquez/Desktop/projects/MealsToGo/functions/node_modules/firebase-admin/lib/index.js"} {"metadata":{"emulator":{"name":"functions"},"function":{"name":"us-central1-geocode"},"message":"[runtime-status] [98407] Resolved module firebase-admin {\"declared\":true,\"installed\":true,\"version\":\"9.12.0\",\"resolution\":\"/Users/arielvazquez/Desktop/projects/MealsToGo/functions/node_modules/firebase-admin/lib/index.js\"}"}}
[debug] [2022-02-24T21:09:53.538Z] [runtime-status] [98407] Resolved module firebase-functions {"declared":true,"installed":true,"version":"3.18.1","resolution":"/Users/arielvazquez/Desktop/projects/MealsToGo/functions/node_modules/firebase-functions/lib/index.js"} {"metadata":{"emulator":{"name":"functions"},"function":{"name":"us-central1-geocode"},"message":"[runtime-status] [98407] Resolved module firebase-functions {\"declared\":true,\"installed\":true,\"version\":\"3.18.1\",\"resolution\":\"/Users/arielvazquez/Desktop/projects/MealsToGo/functions/node_modules/firebase-functions/lib/index.js\"}"}}
[debug] [2022-02-24T21:09:53.538Z] [runtime-status] [98407] Outgoing network have been stubbed. [{"name":"http","status":"mocked"},{"name":"http","status":"mocked"},{"name":"https","status":"mocked"},{"name":"https","status":"mocked"},{"name":"net","status":"mocked"}] {"metadata":{"emulator":{"name":"functions"},"function":{"name":"us-central1-geocode"},"message":"[runtime-status] [98407] Outgoing network have been stubbed. [{\"name\":\"http\",\"status\":\"mocked\"},{\"name\":\"http\",\"status\":\"mocked\"},{\"name\":\"https\",\"status\":\"mocked\"},{\"name\":\"https\",\"status\":\"mocked\"},{\"name\":\"net\",\"status\":\"mocked\"}]"}}
[debug] [2022-02-24T21:09:53.539Z] [runtime-status] [98407] Resolved module firebase-functions {"declared":true,"installed":true,"version":"3.18.1","resolution":"/Users/arielvazquez/Desktop/projects/MealsToGo/functions/node_modules/firebase-functions/lib/index.js"} {"metadata":{"emulator":{"name":"functions"},"function":{"name":"us-central1-geocode"},"message":"[runtime-status] [98407] Resolved module firebase-functions {\"declared\":true,\"installed\":true,\"version\":\"3.18.1\",\"resolution\":\"/Users/arielvazquez/Desktop/projects/MealsToGo/functions/node_modules/firebase-functions/lib/index.js\"}"}}
[debug] [2022-02-24T21:09:53.597Z] [runtime-status] [98407] Checked functions.config() {"config":{}} {"metadata":{"emulator":{"name":"functions"},"function":{"name":"us-central1-geocode"},"message":"[runtime-status] [98407] Checked functions.config() {\"config\":{}}"}}
[debug] [2022-02-24T21:09:53.597Z] [runtime-status] [98407] firebase-functions has been stubbed. {"functionsResolution":{"declared":true,"installed":true,"version":"3.18.1","resolution":"/Users/arielvazquez/Desktop/projects/MealsToGo/functions/node_modules/firebase-functions/lib/index.js"}} {"metadata":{"emulator":{"name":"functions"},"function":{"name":"us-central1-geocode"},"message":"[runtime-status] [98407] firebase-functions has been stubbed. {\"functionsResolution\":{\"declared\":true,\"installed\":true,\"version\":\"3.18.1\",\"resolution\":\"/Users/arielvazquez/Desktop/projects/MealsToGo/functions/node_modules/firebase-functions/lib/index.js\"}}"}}
[debug] [2022-02-24T21:09:53.598Z] [runtime-status] [98407] Resolved module firebase-functions {"declared":true,"installed":true,"version":"3.18.1","resolution":"/Users/arielvazquez/Desktop/projects/MealsToGo/functions/node_modules/firebase-functions/lib/index.js"} {"metadata":{"emulator":{"name":"functions"},"function":{"name":"us-central1-geocode"},"message":"[runtime-status] [98407] Resolved module firebase-functions {\"declared\":true,\"installed\":true,\"version\":\"3.18.1\",\"resolution\":\"/Users/arielvazquez/Desktop/projects/MealsToGo/functions/node_modules/firebase-functions/lib/index.js\"}"}}
[debug] [2022-02-24T21:09:53.599Z] [runtime-status] [98407] Resolved module firebase-admin {"declared":true,"installed":true,"version":"9.12.0","resolution":"/Users/arielvazquez/Desktop/projects/MealsToGo/functions/node_modules/firebase-admin/lib/index.js"} {"metadata":{"emulator":{"name":"functions"},"function":{"name":"us-central1-geocode"},"message":"[runtime-status] [98407] Resolved module firebase-admin {\"declared\":true,\"installed\":true,\"version\":\"9.12.0\",\"resolution\":\"/Users/arielvazquez/Desktop/projects/MealsToGo/functions/node_modules/firebase-admin/lib/index.js\"}"}}
[debug] [2022-02-24T21:09:53.600Z] [runtime-status] [98407] Resolved module firebase-functions {"declared":true,"installed":true,"version":"3.18.1","resolution":"/Users/arielvazquez/Desktop/projects/MealsToGo/functions/node_modules/firebase-functions/lib/index.js"} {"metadata":{"emulator":{"name":"functions"},"function":{"name":"us-central1-geocode"},"message":"[runtime-status] [98407] Resolved module firebase-functions {\"declared\":true,\"installed\":true,\"version\":\"3.18.1\",\"resolution\":\"/Users/arielvazquez/Desktop/projects/MealsToGo/functions/node_modules/firebase-functions/lib/index.js\"}"}}
[debug] [2022-02-24T21:09:53.600Z] [runtime-status] [98407] firebase-admin has been stubbed. {"adminResolution":{"declared":true,"installed":true,"version":"9.12.0","resolution":"/Users/arielvazquez/Desktop/projects/MealsToGo/functions/node_modules/firebase-admin/lib/index.js"}} {"metadata":{"emulator":{"name":"functions"},"function":{"name":"us-central1-geocode"},"message":"[runtime-status] [98407] firebase-admin has been stubbed. {\"adminResolution\":{\"declared\":true,\"installed\":true,\"version\":\"9.12.0\",\"resolution\":\"/Users/arielvazquez/Desktop/projects/MealsToGo/functions/node_modules/firebase-admin/lib/index.js\"}}"}}
[debug] [2022-02-24T21:09:53.609Z] [runtime-status] [98407] Beginning invocation function geocode! {"metadata":{"emulator":{"name":"functions"},"function":{"name":"us-central1-geocode"},"message":"[runtime-status] [98407] Beginning invocation function geocode!"}}
[info] i  functions: Beginning execution of "geocode" {"metadata":{"emulator":{"name":"functions"},"function":{"name":"us-central1-geocode"},"message":"Beginning execution of \"geocode\""}}
[debug] [2022-02-24T21:09:53.610Z] [runtime-status] [98407] Running geocode in signature http {"metadata":{"emulator":{"name":"functions"},"function":{"name":"us-central1-geocode"},"message":"[runtime-status] [98407] Running geocode in signature http"}}
[debug] [2022-02-24T21:09:53.613Z] [runtime-status] [98407] Attempting to listen to socketPath: /var/folders/0g/8sxnk6dx74q6h9kg700qg9z80000gp/T/fire_emu_98407.sock {"metadata":{"emulator":{"name":"functions"},"function":{"name":"us-central1-geocode"},"message":"[runtime-status] [98407] Attempting to listen to socketPath: /var/folders/0g/8sxnk6dx74q6h9kg700qg9z80000gp/T/fire_emu_98407.sock"}}
[debug] [2022-02-24T21:09:53.620Z] [functions] Runtime ready! Sending request! {"metadata":{"emulator":{"name":"functions"},"message":"[functions] Runtime ready! Sending request!"}}
[debug] [2022-02-24T21:09:53.623Z] [functions] Got req.url=/mealstogo-f96cc/us-central1/geocode?city=Antwerp, mapping to path=/?city=Antwerp {"metadata":{"emulator":{"name":"functions"},"message":"[functions] Got req.url=/mealstogo-f96cc/us-central1/geocode?city=Antwerp, mapping to path=/?city=Antwerp"}}
[debug] [2022-02-24T21:09:53.628Z] [runtime-status] [98407] Ephemeral server handling GET request {"metadata":{"emulator":{"name":"functions"},"function":{"name":"us-central1-geocode"},"message":"[runtime-status] [98407] Ephemeral server handling GET request"}}
[debug] [2022-02-24T21:09:53.636Z] [runtime-status] [98407] Ephemeral server survived. {"metadata":{"emulator":{"name":"functions"},"function":{"name":"us-central1-geocode"},"message":"[runtime-status] [98407] Ephemeral server survived."}}
[info] i  functions: Finished "geocode" in ~1s {"metadata":{"emulator":{"name":"functions"},"function":{"name":"us-central1-geocode"},"message":"Finished \"geocode\" in ~1s"}}
[debug] [2022-02-24T21:09:53.641Z] [worker-us-central1-geocode-b0dffa4c-dab4-4835-801f-e3f3768a810a]: IDLE {"metadata":{"emulator":{"name":"functions"},"message":"[worker-us-central1-geocode-b0dffa4c-dab4-4835-801f-e3f3768a810a]: IDLE"}}
[debug] [2022-02-24T21:09:53.641Z] [work-queue] {"queueLength":0,"workRunningCount":0}
[debug] [2022-02-24T21:10:29.052Z] [work-queue] {"queueLength":1,"workRunningCount":0}
[debug] [2022-02-24T21:10:29.053Z] [work-queue] {"queueLength":0,"workRunningCount":1}
[debug] [2022-02-24T21:10:29.053Z] Accepted request GET /mealstogo-f96cc/us-central1/placesNearby?location=location --> us-central1-placesNearby
[debug] [2022-02-24T21:10:29.061Z] [worker-pool] addWorker(us-central1-placesNearby) {"metadata":{"emulator":{"name":"functions"},"message":"[worker-pool] addWorker(us-central1-placesNearby)"}}
[debug] [2022-02-24T21:10:29.062Z] [worker-pool] Adding worker with key us-central1-placesNearby, total=1 {"metadata":{"emulator":{"name":"functions"},"message":"[worker-pool] Adding worker with key us-central1-placesNearby, total=1"}}
[debug] [2022-02-24T21:10:29.062Z] [worker-pool] submitWork(triggerId=us-central1-placesNearby) {"metadata":{"emulator":{"name":"functions"},"message":"[worker-pool] submitWork(triggerId=us-central1-placesNearby)"}}
[debug] [2022-02-24T21:10:29.062Z] [worker-us-central1-placesNearby-cab08f71-8ef9-4749-b205-44347cc1a40c]: Assigning socketPath: /var/folders/0g/8sxnk6dx74q6h9kg700qg9z80000gp/T/fire_emu_98418.sock {"metadata":{"emulator":{"name":"functions"},"message":"[worker-us-central1-placesNearby-cab08f71-8ef9-4749-b205-44347cc1a40c]: Assigning socketPath: /var/folders/0g/8sxnk6dx74q6h9kg700qg9z80000gp/T/fire_emu_98418.sock"}}
[debug] [2022-02-24T21:10:29.063Z] [worker-us-central1-placesNearby-cab08f71-8ef9-4749-b205-44347cc1a40c]: BUSY {"metadata":{"emulator":{"name":"functions"},"message":"[worker-us-central1-placesNearby-cab08f71-8ef9-4749-b205-44347cc1a40c]: BUSY"}}
[debug] [2022-02-24T21:10:30.414Z] [runtime-status] [98418] Functions runtime initialized. {"cwd":"/Users/arielvazquez/Desktop/projects/MealsToGo/functions","node_version":"16.14.0"} {"metadata":{"emulator":{"name":"functions"},"function":{"name":"us-central1-placesNearby"},"message":"[runtime-status] [98418] Functions runtime initialized. {\"cwd\":\"/Users/arielvazquez/Desktop/projects/MealsToGo/functions\",\"node_version\":\"16.14.0\"}"}}
[debug] [2022-02-24T21:10:30.416Z] [runtime-status] [98418] Disabled runtime features: undefined {"metadata":{"emulator":{"name":"functions"},"function":{"name":"us-central1-placesNearby"},"message":"[runtime-status] [98418] Disabled runtime features: undefined"}}
[debug] [2022-02-24T21:10:30.419Z] [runtime-status] [98418] Resolved module firebase-admin {"declared":true,"installed":true,"version":"9.12.0","resolution":"/Users/arielvazquez/Desktop/projects/MealsToGo/functions/node_modules/firebase-admin/lib/index.js"} {"metadata":{"emulator":{"name":"functions"},"function":{"name":"us-central1-placesNearby"},"message":"[runtime-status] [98418] Resolved module firebase-admin {\"declared\":true,\"installed\":true,\"version\":\"9.12.0\",\"resolution\":\"/Users/arielvazquez/Desktop/projects/MealsToGo/functions/node_modules/firebase-admin/lib/index.js\"}"}}
[debug] [2022-02-24T21:10:30.421Z] [runtime-status] [98418] Resolved module firebase-functions {"declared":true,"installed":true,"version":"3.18.1","resolution":"/Users/arielvazquez/Desktop/projects/MealsToGo/functions/node_modules/firebase-functions/lib/index.js"} {"metadata":{"emulator":{"name":"functions"},"function":{"name":"us-central1-placesNearby"},"message":"[runtime-status] [98418] Resolved module firebase-functions {\"declared\":true,\"installed\":true,\"version\":\"3.18.1\",\"resolution\":\"/Users/arielvazquez/Desktop/projects/MealsToGo/functions/node_modules/firebase-functions/lib/index.js\"}"}}
[debug] [2022-02-24T21:10:30.421Z] [runtime-status] [98418] Outgoing network have been stubbed. [{"name":"http","status":"mocked"},{"name":"http","status":"mocked"},{"name":"https","status":"mocked"},{"name":"https","status":"mocked"},{"name":"net","status":"mocked"}] {"metadata":{"emulator":{"name":"functions"},"function":{"name":"us-central1-placesNearby"},"message":"[runtime-status] [98418] Outgoing network have been stubbed. [{\"name\":\"http\",\"status\":\"mocked\"},{\"name\":\"http\",\"status\":\"mocked\"},{\"name\":\"https\",\"status\":\"mocked\"},{\"name\":\"https\",\"status\":\"mocked\"},{\"name\":\"net\",\"status\":\"mocked\"}]"}}
[debug] [2022-02-24T21:10:30.422Z] [runtime-status] [98418] Resolved module firebase-functions {"declared":true,"installed":true,"version":"3.18.1","resolution":"/Users/arielvazquez/Desktop/projects/MealsToGo/functions/node_modules/firebase-functions/lib/index.js"} {"metadata":{"emulator":{"name":"functions"},"function":{"name":"us-central1-placesNearby"},"message":"[runtime-status] [98418] Resolved module firebase-functions {\"declared\":true,\"installed\":true,\"version\":\"3.18.1\",\"resolution\":\"/Users/arielvazquez/Desktop/projects/MealsToGo/functions/node_modules/firebase-functions/lib/index.js\"}"}}
[debug] [2022-02-24T21:10:30.479Z] [runtime-status] [98418] Checked functions.config() {"config":{}} {"metadata":{"emulator":{"name":"functions"},"function":{"name":"us-central1-placesNearby"},"message":"[runtime-status] [98418] Checked functions.config() {\"config\":{}}"}}
[debug] [2022-02-24T21:10:30.479Z] [runtime-status] [98418] firebase-functions has been stubbed. {"functionsResolution":{"declared":true,"installed":true,"version":"3.18.1","resolution":"/Users/arielvazquez/Desktop/projects/MealsToGo/functions/node_modules/firebase-functions/lib/index.js"}} {"metadata":{"emulator":{"name":"functions"},"function":{"name":"us-central1-placesNearby"},"message":"[runtime-status] [98418] firebase-functions has been stubbed. {\"functionsResolution\":{\"declared\":true,\"installed\":true,\"version\":\"3.18.1\",\"resolution\":\"/Users/arielvazquez/Desktop/projects/MealsToGo/functions/node_modules/firebase-functions/lib/index.js\"}}"}}
[debug] [2022-02-24T21:10:30.480Z] [runtime-status] [98418] Resolved module firebase-functions {"declared":true,"installed":true,"version":"3.18.1","resolution":"/Users/arielvazquez/Desktop/projects/MealsToGo/functions/node_modules/firebase-functions/lib/index.js"} {"metadata":{"emulator":{"name":"functions"},"function":{"name":"us-central1-placesNearby"},"message":"[runtime-status] [98418] Resolved module firebase-functions {\"declared\":true,\"installed\":true,\"version\":\"3.18.1\",\"resolution\":\"/Users/arielvazquez/Desktop/projects/MealsToGo/functions/node_modules/firebase-functions/lib/index.js\"}"}}
[debug] [2022-02-24T21:10:30.481Z] [runtime-status] [98418] Resolved module firebase-admin {"declared":true,"installed":true,"version":"9.12.0","resolution":"/Users/arielvazquez/Desktop/projects/MealsToGo/functions/node_modules/firebase-admin/lib/index.js"} {"metadata":{"emulator":{"name":"functions"},"function":{"name":"us-central1-placesNearby"},"message":"[runtime-status] [98418] Resolved module firebase-admin {\"declared\":true,\"installed\":true,\"version\":\"9.12.0\",\"resolution\":\"/Users/arielvazquez/Desktop/projects/MealsToGo/functions/node_modules/firebase-admin/lib/index.js\"}"}}
[debug] [2022-02-24T21:10:30.482Z] [runtime-status] [98418] Resolved module firebase-functions {"declared":true,"installed":true,"version":"3.18.1","resolution":"/Users/arielvazquez/Desktop/projects/MealsToGo/functions/node_modules/firebase-functions/lib/index.js"} {"metadata":{"emulator":{"name":"functions"},"function":{"name":"us-central1-placesNearby"},"message":"[runtime-status] [98418] Resolved module firebase-functions {\"declared\":true,\"installed\":true,\"version\":\"3.18.1\",\"resolution\":\"/Users/arielvazquez/Desktop/projects/MealsToGo/functions/node_modules/firebase-functions/lib/index.js\"}"}}
[debug] [2022-02-24T21:10:30.482Z] [runtime-status] [98418] firebase-admin has been stubbed. {"adminResolution":{"declared":true,"installed":true,"version":"9.12.0","resolution":"/Users/arielvazquez/Desktop/projects/MealsToGo/functions/node_modules/firebase-admin/lib/index.js"}} {"metadata":{"emulator":{"name":"functions"},"function":{"name":"us-central1-placesNearby"},"message":"[runtime-status] [98418] firebase-admin has been stubbed. {\"adminResolution\":{\"declared\":true,\"installed\":true,\"version\":\"9.12.0\",\"resolution\":\"/Users/arielvazquez/Desktop/projects/MealsToGo/functions/node_modules/firebase-admin/lib/index.js\"}}"}}
[debug] [2022-02-24T21:10:30.494Z] [runtime-status] [98418] Beginning invocation function placesNearby! {"metadata":{"emulator":{"name":"functions"},"function":{"name":"us-central1-placesNearby"},"message":"[runtime-status] [98418] Beginning invocation function placesNearby!"}}
[info] i  functions: Beginning execution of "placesNearby" {"metadata":{"emulator":{"name":"functions"},"function":{"name":"us-central1-placesNearby"},"message":"Beginning execution of \"placesNearby\""}}
[debug] [2022-02-24T21:10:30.496Z] [runtime-status] [98418] Running placesNearby in signature http {"metadata":{"emulator":{"name":"functions"},"function":{"name":"us-central1-placesNearby"},"message":"[runtime-status] [98418] Running placesNearby in signature http"}}
[debug] [2022-02-24T21:10:30.500Z] [runtime-status] [98418] Attempting to listen to socketPath: /var/folders/0g/8sxnk6dx74q6h9kg700qg9z80000gp/T/fire_emu_98418.sock {"metadata":{"emulator":{"name":"functions"},"function":{"name":"us-central1-placesNearby"},"message":"[runtime-status] [98418] Attempting to listen to socketPath: /var/folders/0g/8sxnk6dx74q6h9kg700qg9z80000gp/T/fire_emu_98418.sock"}}
[debug] [2022-02-24T21:10:30.504Z] [functions] Runtime ready! Sending request! {"metadata":{"emulator":{"name":"functions"},"message":"[functions] Runtime ready! Sending request!"}}
[debug] [2022-02-24T21:10:30.504Z] [functions] Got req.url=/mealstogo-f96cc/us-central1/placesNearby?location=location, mapping to path=/?location=location {"metadata":{"emulator":{"name":"functions"},"message":"[functions] Got req.url=/mealstogo-f96cc/us-central1/placesNearby?location=location, mapping to path=/?location=location"}}
[debug] [2022-02-24T21:10:30.514Z] [runtime-status] [98418] Ephemeral server handling GET request {"metadata":{"emulator":{"name":"functions"},"function":{"name":"us-central1-placesNearby"},"message":"[runtime-status] [98418] Ephemeral server handling GET request"}}
[debug] [2022-02-24T21:10:30.521Z] [runtime-status] [98418] Ephemeral server survived. {"metadata":{"emulator":{"name":"functions"},"function":{"name":"us-central1-placesNearby"},"message":"[runtime-status] [98418] Ephemeral server survived."}}
[info] i  functions: Finished "placesNearby" in ~1s {"metadata":{"emulator":{"name":"functions"},"function":{"name":"us-central1-placesNearby"},"message":"Finished \"placesNearby\" in ~1s"}}
[debug] [2022-02-24T21:10:30.530Z] [worker-us-central1-placesNearby-cab08f71-8ef9-4749-b205-44347cc1a40c]: IDLE {"metadata":{"emulator":{"name":"functions"},"message":"[worker-us-central1-placesNearby-cab08f71-8ef9-4749-b205-44347cc1a40c]: IDLE"}}
[debug] [2022-02-24T21:10:30.531Z] [work-queue] {"queueLength":0,"workRunningCount":0}
[debug] [2022-02-24T21:11:02.620Z] [work-queue] {"queueLength":1,"workRunningCount":0}
[debug] [2022-02-24T21:11:02.620Z] [work-queue] {"queueLength":0,"workRunningCount":1}
[debug] [2022-02-24T21:11:02.620Z] Accepted request GET /mealstogo-f96cc/us-central1/placesNearby?location=san --> us-central1-placesNearby
[debug] [2022-02-24T21:11:02.620Z] [worker-pool] submitWork(triggerId=us-central1-placesNearby) {"metadata":{"emulator":{"name":"functions"},"message":"[worker-pool] submitWork(triggerId=us-central1-placesNearby)"}}
[debug] [2022-02-24T21:11:02.620Z] [worker-us-central1-placesNearby-cab08f71-8ef9-4749-b205-44347cc1a40c]: Assigning socketPath: /var/folders/0g/8sxnk6dx74q6h9kg700qg9z80000gp/T/fire_emu_98418.sock {"metadata":{"emulator":{"name":"functions"},"message":"[worker-us-central1-placesNearby-cab08f71-8ef9-4749-b205-44347cc1a40c]: Assigning socketPath: /var/folders/0g/8sxnk6dx74q6h9kg700qg9z80000gp/T/fire_emu_98418.sock"}}
[debug] [2022-02-24T21:11:02.621Z] [worker-us-central1-placesNearby-cab08f71-8ef9-4749-b205-44347cc1a40c]: BUSY {"metadata":{"emulator":{"name":"functions"},"message":"[worker-us-central1-placesNearby-cab08f71-8ef9-4749-b205-44347cc1a40c]: BUSY"}}
[debug] [2022-02-24T21:11:02.621Z] [runtime-status] [98418] Beginning invocation function placesNearby! {"metadata":{"emulator":{"name":"functions"},"function":{"name":"us-central1-placesNearby"},"message":"[runtime-status] [98418] Beginning invocation function placesNearby!"}}
[info] i  functions: Beginning execution of "placesNearby" {"metadata":{"emulator":{"name":"functions"},"function":{"name":"us-central1-placesNearby"},"message":"Beginning execution of \"placesNearby\""}}
[debug] [2022-02-24T21:11:02.622Z] [runtime-status] [98418] Running placesNearby in signature http {"metadata":{"emulator":{"name":"functions"},"function":{"name":"us-central1-placesNearby"},"message":"[runtime-status] [98418] Running placesNearby in signature http"}}
[debug] [2022-02-24T21:11:02.623Z] [runtime-status] [98418] Attempting to listen to socketPath: /var/folders/0g/8sxnk6dx74q6h9kg700qg9z80000gp/T/fire_emu_98418.sock {"metadata":{"emulator":{"name":"functions"},"function":{"name":"us-central1-placesNearby"},"message":"[runtime-status] [98418] Attempting to listen to socketPath: /var/folders/0g/8sxnk6dx74q6h9kg700qg9z80000gp/T/fire_emu_98418.sock"}}
[debug] [2022-02-24T21:11:02.625Z] [functions] Runtime ready! Sending request! {"metadata":{"emulator":{"name":"functions"},"message":"[functions] Runtime ready! Sending request!"}}
[debug] [2022-02-24T21:11:02.625Z] [functions] Got req.url=/mealstogo-f96cc/us-central1/placesNearby?location=san, mapping to path=/?location=san {"metadata":{"emulator":{"name":"functions"},"message":"[functions] Got req.url=/mealstogo-f96cc/us-central1/placesNearby?location=san, mapping to path=/?location=san"}}
[debug] [2022-02-24T21:11:02.628Z] [runtime-status] [98418] Ephemeral server handling GET request {"metadata":{"emulator":{"name":"functions"},"function":{"name":"us-central1-placesNearby"},"message":"[runtime-status] [98418] Ephemeral server handling GET request"}}
[debug] [2022-02-24T21:11:02.629Z] [runtime-status] [98418] Ephemeral server survived. {"metadata":{"emulator":{"name":"functions"},"function":{"name":"us-central1-placesNearby"},"message":"[runtime-status] [98418] Ephemeral server survived."}}
[info] i  functions: Finished "placesNearby" in ~1s {"metadata":{"emulator":{"name":"functions"},"function":{"name":"us-central1-placesNearby"},"message":"Finished \"placesNearby\" in ~1s"}}
[debug] [2022-02-24T21:11:02.630Z] [worker-us-central1-placesNearby-cab08f71-8ef9-4749-b205-44347cc1a40c]: IDLE {"metadata":{"emulator":{"name":"functions"},"message":"[worker-us-central1-placesNearby-cab08f71-8ef9-4749-b205-44347cc1a40c]: IDLE"}}
[debug] [2022-02-24T21:11:02.636Z] [work-queue] {"queueLength":0,"workRunningCount":0}
[debug] [2022-02-24T21:11:33.058Z] [work-queue] {"queueLength":1,"workRunningCount":0}
[debug] [2022-02-24T21:11:33.059Z] [work-queue] {"queueLength":0,"workRunningCount":1}
[debug] [2022-02-24T21:11:33.059Z] Accepted request GET /mealstogo-f96cc/us-central1/placesNearby?location=37.7749295,-122.4194155 --> us-central1-placesNearby
[debug] [2022-02-24T21:11:33.059Z] [worker-pool] submitWork(triggerId=us-central1-placesNearby) {"metadata":{"emulator":{"name":"functions"},"message":"[worker-pool] submitWork(triggerId=us-central1-placesNearby)"}}
[debug] [2022-02-24T21:11:33.059Z] [worker-us-central1-placesNearby-cab08f71-8ef9-4749-b205-44347cc1a40c]: Assigning socketPath: /var/folders/0g/8sxnk6dx74q6h9kg700qg9z80000gp/T/fire_emu_98418.sock {"metadata":{"emulator":{"name":"functions"},"message":"[worker-us-central1-placesNearby-cab08f71-8ef9-4749-b205-44347cc1a40c]: Assigning socketPath: /var/folders/0g/8sxnk6dx74q6h9kg700qg9z80000gp/T/fire_emu_98418.sock"}}
[debug] [2022-02-24T21:11:33.059Z] [worker-us-central1-placesNearby-cab08f71-8ef9-4749-b205-44347cc1a40c]: BUSY {"metadata":{"emulator":{"name":"functions"},"message":"[worker-us-central1-placesNearby-cab08f71-8ef9-4749-b205-44347cc1a40c]: BUSY"}}
[debug] [2022-02-24T21:11:33.059Z] [runtime-status] [98418] Beginning invocation function placesNearby! {"metadata":{"emulator":{"name":"functions"},"function":{"name":"us-central1-placesNearby"},"message":"[runtime-status] [98418] Beginning invocation function placesNearby!"}}
[info] i  functions: Beginning execution of "placesNearby" {"metadata":{"emulator":{"name":"functions"},"function":{"name":"us-central1-placesNearby"},"message":"Beginning execution of \"placesNearby\""}}
[debug] [2022-02-24T21:11:33.060Z] [runtime-status] [98418] Running placesNearby in signature http {"metadata":{"emulator":{"name":"functions"},"function":{"name":"us-central1-placesNearby"},"message":"[runtime-status] [98418] Running placesNearby in signature http"}}
[debug] [2022-02-24T21:11:33.060Z] [runtime-status] [98418] Attempting to listen to socketPath: /var/folders/0g/8sxnk6dx74q6h9kg700qg9z80000gp/T/fire_emu_98418.sock {"metadata":{"emulator":{"name":"functions"},"function":{"name":"us-central1-placesNearby"},"message":"[runtime-status] [98418] Attempting to listen to socketPath: /var/folders/0g/8sxnk6dx74q6h9kg700qg9z80000gp/T/fire_emu_98418.sock"}}
[debug] [2022-02-24T21:11:33.062Z] [functions] Runtime ready! Sending request! {"metadata":{"emulator":{"name":"functions"},"message":"[functions] Runtime ready! Sending request!"}}
[debug] [2022-02-24T21:11:33.062Z] [functions] Got req.url=/mealstogo-f96cc/us-central1/placesNearby?location=37.7749295,-122.4194155, mapping to path=/?location=37.7749295,-122.4194155 {"metadata":{"emulator":{"name":"functions"},"message":"[functions] Got req.url=/mealstogo-f96cc/us-central1/placesNearby?location=37.7749295,-122.4194155, mapping to path=/?location=37.7749295,-122.4194155"}}
[debug] [2022-02-24T21:11:33.065Z] [runtime-status] [98418] Ephemeral server handling GET request {"metadata":{"emulator":{"name":"functions"},"function":{"name":"us-central1-placesNearby"},"message":"[runtime-status] [98418] Ephemeral server handling GET request"}}
[debug] [2022-02-24T21:11:33.069Z] [runtime-status] [98418] Ephemeral server survived. {"metadata":{"emulator":{"name":"functions"},"function":{"name":"us-central1-placesNearby"},"message":"[runtime-status] [98418] Ephemeral server survived."}}
[info] i  functions: Finished "placesNearby" in ~1s {"metadata":{"emulator":{"name":"functions"},"function":{"name":"us-central1-placesNearby"},"message":"Finished \"placesNearby\" in ~1s"}}
[debug] [2022-02-24T21:11:33.071Z] [worker-us-central1-placesNearby-cab08f71-8ef9-4749-b205-44347cc1a40c]: IDLE {"metadata":{"emulator":{"name":"functions"},"message":"[worker-us-central1-placesNearby-cab08f71-8ef9-4749-b205-44347cc1a40c]: IDLE"}}
[debug] [2022-02-24T21:11:33.071Z] [work-queue] {"queueLength":0,"workRunningCount":0}
[debug] [2022-02-24T21:12:04.653Z] [work-queue] {"queueLength":1,"workRunningCount":0}
[debug] [2022-02-24T21:12:04.654Z] [work-queue] {"queueLength":0,"workRunningCount":1}
[debug] [2022-02-24T21:12:04.654Z] Accepted request GET /mealstogo-f96cc/us-central1/geocode?city=san%20francisco --> us-central1-geocode
[debug] [2022-02-24T21:12:04.655Z] [worker-pool] submitWork(triggerId=us-central1-geocode) {"metadata":{"emulator":{"name":"functions"},"message":"[worker-pool] submitWork(triggerId=us-central1-geocode)"}}
[debug] [2022-02-24T21:12:04.655Z] [worker-us-central1-geocode-b0dffa4c-dab4-4835-801f-e3f3768a810a]: Assigning socketPath: /var/folders/0g/8sxnk6dx74q6h9kg700qg9z80000gp/T/fire_emu_98407.sock {"metadata":{"emulator":{"name":"functions"},"message":"[worker-us-central1-geocode-b0dffa4c-dab4-4835-801f-e3f3768a810a]: Assigning socketPath: /var/folders/0g/8sxnk6dx74q6h9kg700qg9z80000gp/T/fire_emu_98407.sock"}}
[debug] [2022-02-24T21:12:04.655Z] [worker-us-central1-geocode-b0dffa4c-dab4-4835-801f-e3f3768a810a]: BUSY {"metadata":{"emulator":{"name":"functions"},"message":"[worker-us-central1-geocode-b0dffa4c-dab4-4835-801f-e3f3768a810a]: BUSY"}}
[debug] [2022-02-24T21:12:04.656Z] [runtime-status] [98407] Beginning invocation function geocode! {"metadata":{"emulator":{"name":"functions"},"function":{"name":"us-central1-geocode"},"message":"[runtime-status] [98407] Beginning invocation function geocode!"}}
[info] i  functions: Beginning execution of "geocode" {"metadata":{"emulator":{"name":"functions"},"function":{"name":"us-central1-geocode"},"message":"Beginning execution of \"geocode\""}}
[debug] [2022-02-24T21:12:04.657Z] [runtime-status] [98407] Running geocode in signature http {"metadata":{"emulator":{"name":"functions"},"function":{"name":"us-central1-geocode"},"message":"[runtime-status] [98407] Running geocode in signature http"}}
[debug] [2022-02-24T21:12:04.658Z] [runtime-status] [98407] Attempting to listen to socketPath: /var/folders/0g/8sxnk6dx74q6h9kg700qg9z80000gp/T/fire_emu_98407.sock {"metadata":{"emulator":{"name":"functions"},"function":{"name":"us-central1-geocode"},"message":"[runtime-status] [98407] Attempting to listen to socketPath: /var/folders/0g/8sxnk6dx74q6h9kg700qg9z80000gp/T/fire_emu_98407.sock"}}
[debug] [2022-02-24T21:12:04.664Z] [functions] Runtime ready! Sending request! {"metadata":{"emulator":{"name":"functions"},"message":"[functions] Runtime ready! Sending request!"}}
[debug] [2022-02-24T21:12:04.664Z] [functions] Got req.url=/mealstogo-f96cc/us-central1/geocode?city=san%20francisco, mapping to path=/?city=san%20francisco {"metadata":{"emulator":{"name":"functions"},"message":"[functions] Got req.url=/mealstogo-f96cc/us-central1/geocode?city=san%20francisco, mapping to path=/?city=san%20francisco"}}
[debug] [2022-02-24T21:12:04.669Z] [runtime-status] [98407] Ephemeral server handling GET request {"metadata":{"emulator":{"name":"functions"},"function":{"name":"us-central1-geocode"},"message":"[runtime-status] [98407] Ephemeral server handling GET request"}}
[debug] [2022-02-24T21:12:04.676Z] [runtime-status] [98407] Ephemeral server survived. {"metadata":{"emulator":{"name":"functions"},"function":{"name":"us-central1-geocode"},"message":"[runtime-status] [98407] Ephemeral server survived."}}
[info] i  functions: Finished "geocode" in ~1s {"metadata":{"emulator":{"name":"functions"},"function":{"name":"us-central1-geocode"},"message":"Finished \"geocode\" in ~1s"}}
[debug] [2022-02-24T21:12:04.680Z] [worker-us-central1-geocode-b0dffa4c-dab4-4835-801f-e3f3768a810a]: IDLE {"metadata":{"emulator":{"name":"functions"},"message":"[worker-us-central1-geocode-b0dffa4c-dab4-4835-801f-e3f3768a810a]: IDLE"}}
[debug] [2022-02-24T21:12:04.680Z] [work-queue] {"queueLength":0,"workRunningCount":0}
[debug] [2022-02-24T21:12:04.753Z] [work-queue] {"queueLength":1,"workRunningCount":0}
[debug] [2022-02-24T21:12:04.753Z] [work-queue] {"queueLength":0,"workRunningCount":1}
[debug] [2022-02-24T21:12:04.753Z] Accepted request GET /mealstogo-f96cc/us-central1/placesNearby?location=37.7749295,-122.4194155 --> us-central1-placesNearby
[debug] [2022-02-24T21:12:04.754Z] [worker-pool] submitWork(triggerId=us-central1-placesNearby) {"metadata":{"emulator":{"name":"functions"},"message":"[worker-pool] submitWork(triggerId=us-central1-placesNearby)"}}
[debug] [2022-02-24T21:12:04.754Z] [worker-us-central1-placesNearby-cab08f71-8ef9-4749-b205-44347cc1a40c]: Assigning socketPath: /var/folders/0g/8sxnk6dx74q6h9kg700qg9z80000gp/T/fire_emu_98418.sock {"metadata":{"emulator":{"name":"functions"},"message":"[worker-us-central1-placesNearby-cab08f71-8ef9-4749-b205-44347cc1a40c]: Assigning socketPath: /var/folders/0g/8sxnk6dx74q6h9kg700qg9z80000gp/T/fire_emu_98418.sock"}}
[debug] [2022-02-24T21:12:04.754Z] [worker-us-central1-placesNearby-cab08f71-8ef9-4749-b205-44347cc1a40c]: BUSY {"metadata":{"emulator":{"name":"functions"},"message":"[worker-us-central1-placesNearby-cab08f71-8ef9-4749-b205-44347cc1a40c]: BUSY"}}
[debug] [2022-02-24T21:12:04.758Z] [runtime-status] [98418] Beginning invocation function placesNearby! {"metadata":{"emulator":{"name":"functions"},"function":{"name":"us-central1-placesNearby"},"message":"[runtime-status] [98418] Beginning invocation function placesNearby!"}}
[info] i  functions: Beginning execution of "placesNearby" {"metadata":{"emulator":{"name":"functions"},"function":{"name":"us-central1-placesNearby"},"message":"Beginning execution of \"placesNearby\""}}
[debug] [2022-02-24T21:12:04.760Z] [runtime-status] [98418] Running placesNearby in signature http {"metadata":{"emulator":{"name":"functions"},"function":{"name":"us-central1-placesNearby"},"message":"[runtime-status] [98418] Running placesNearby in signature http"}}
[debug] [2022-02-24T21:12:04.760Z] [runtime-status] [98418] Attempting to listen to socketPath: /var/folders/0g/8sxnk6dx74q6h9kg700qg9z80000gp/T/fire_emu_98418.sock {"metadata":{"emulator":{"name":"functions"},"function":{"name":"us-central1-placesNearby"},"message":"[runtime-status] [98418] Attempting to listen to socketPath: /var/folders/0g/8sxnk6dx74q6h9kg700qg9z80000gp/T/fire_emu_98418.sock"}}
[debug] [2022-02-24T21:12:04.768Z] [functions] Runtime ready! Sending request! {"metadata":{"emulator":{"name":"functions"},"message":"[functions] Runtime ready! Sending request!"}}
[debug] [2022-02-24T21:12:04.768Z] [functions] Got req.url=/mealstogo-f96cc/us-central1/placesNearby?location=37.7749295,-122.4194155, mapping to path=/?location=37.7749295,-122.4194155 {"metadata":{"emulator":{"name":"functions"},"message":"[functions] Got req.url=/mealstogo-f96cc/us-central1/placesNearby?location=37.7749295,-122.4194155, mapping to path=/?location=37.7749295,-122.4194155"}}
[debug] [2022-02-24T21:12:04.779Z] [runtime-status] [98418] Ephemeral server handling GET request {"metadata":{"emulator":{"name":"functions"},"function":{"name":"us-central1-placesNearby"},"message":"[runtime-status] [98418] Ephemeral server handling GET request"}}
[debug] [2022-02-24T21:12:04.779Z] [runtime-status] [98418] Ephemeral server survived. {"metadata":{"emulator":{"name":"functions"},"function":{"name":"us-central1-placesNearby"},"message":"[runtime-status] [98418] Ephemeral server survived."}}
[info] i  functions: Finished "placesNearby" in ~1s {"metadata":{"emulator":{"name":"functions"},"function":{"name":"us-central1-placesNearby"},"message":"Finished \"placesNearby\" in ~1s"}}
[debug] [2022-02-24T21:12:04.787Z] [worker-us-central1-placesNearby-cab08f71-8ef9-4749-b205-44347cc1a40c]: IDLE {"metadata":{"emulator":{"name":"functions"},"message":"[worker-us-central1-placesNearby-cab08f71-8ef9-4749-b205-44347cc1a40c]: IDLE"}}
[debug] [2022-02-24T21:12:04.787Z] [work-queue] {"queueLength":0,"workRunningCount":0}
